[    0.000000] Initializing cgroup subsys cpuset
[    0.000000] Initializing cgroup subsys cpu
[    0.000000] Initializing cgroup subsys cpuacct
[    0.000000] Linux version 4.4.0-59-generic (buildd@lgw01-11) (gcc version 5.4.0 20160609 (Ubuntu 5.4.0-6ubuntu1~16.04.4) ) #80-Ubuntu SMP Fri Jan 6 17:47:47 UTC 2017 (Ubuntu 4.4.0-59.80-generic 4.4.35)
[    0.000000] Command line: BOOT_IMAGE=/boot/vmlinuz-4.4.0-59-generic root=LABEL=cloudimg-rootfs ro console=tty1 console=ttyS0
[    0.000000] KERNEL supported cpus:
[    0.000000]   Intel GenuineIntel
[    0.000000]   AMD AuthenticAMD
[    0.000000]   Centaur CentaurHauls
[    0.000000] x86/fpu: xstate_offset[2]:  576, xstate_sizes[2]:  256
[    0.000000] x86/fpu: Supporting XSAVE feature 0x01: 'x87 floating point registers'
[    0.000000] x86/fpu: Supporting XSAVE feature 0x02: 'SSE registers'
[    0.000000] x86/fpu: Supporting XSAVE feature 0x04: 'AVX registers'
[    0.000000] x86/fpu: Enabled xstate features 0x7, context size is 832 bytes, using 'standard' format.
[    0.000000] x86/fpu: Using 'lazy' FPU context switches.
[    0.000000] e820: BIOS-provided physical RAM map:
[    0.000000] BIOS-e820: [mem 0x0000000000000000-0x000000000009fbff] usable
[    0.000000] BIOS-e820: [mem 0x000000000009fc00-0x000000000009ffff] reserved
[    0.000000] BIOS-e820: [mem 0x00000000000f0000-0x00000000000fffff] reserved
[    0.000000] BIOS-e820: [mem 0x0000000000100000-0x00000000dffeffff] usable
[    0.000000] BIOS-e820: [mem 0x00000000dfff0000-0x00000000dfffffff] ACPI data
[    0.000000] BIOS-e820: [mem 0x00000000fffc0000-0x00000000ffffffff] reserved
[    0.000000] BIOS-e820: [mem 0x0000000100000000-0x000000011fffffff] usable
[    0.000000] NX (Execute Disable) protection: active
[    0.000000] SMBIOS 2.5 present.
[    0.000000] Hypervisor detected: KVM
[    0.000000] e820: last_pfn = 0x120000 max_arch_pfn = 0x400000000
[    0.000000] MTRR: Disabled
[    0.000000] x86/PAT: MTRRs disabled, skipping PAT initialization too.
[    0.000000] x86/PAT: Configuration [0-7]: WB  WT  UC- UC  WB  WT  UC- UC  
[    0.000000] CPU MTRRs all blank - virtualized system.
[    0.000000] e820: last_pfn = 0xdfff0 max_arch_pfn = 0x400000000
[    0.000000] found SMP MP-table at [mem 0x0009fff0-0x0009ffff] mapped at [ffff88000009fff0]
[    0.000000] Scanning 1 areas for low memory corruption
[    0.000000] RAMDISK: [mem 0x36b8c000-0x375bdfff]
[    0.000000] ACPI: Early table checksum verification disabled
[    0.000000] ACPI: RSDP 0x00000000000E0000 000024 (v02 VBOX  )
[    0.000000] ACPI: XSDT 0x00000000DFFF0030 00003C (v01 VBOX   VBOXXSDT 00000001 ASL  00000061)
[    0.000000] ACPI: FACP 0x00000000DFFF00F0 0000F4 (v04 VBOX   VBOXFACP 00000001 ASL  00000061)
[    0.000000] ACPI: DSDT 0x00000000DFFF0470 002118 (v01 VBOX   VBOXBIOS 00000002 INTL 20140214)
[    0.000000] ACPI: FACS 0x00000000DFFF0200 000040
[    0.000000] ACPI: FACS 0x00000000DFFF0200 000040
[    0.000000] ACPI: APIC 0x00000000DFFF0240 000054 (v02 VBOX   VBOXAPIC 00000001 ASL  00000061)
[    0.000000] ACPI: SSDT 0x00000000DFFF02A0 0001CC (v01 VBOX   VBOXCPUT 00000002 INTL 20140214)
[    0.000000] No NUMA configuration found
[    0.000000] Faking a node at [mem 0x0000000000000000-0x000000011fffffff]
[    0.000000] NODE_DATA(0) allocated [mem 0x11fff7000-0x11fffbfff]
[    0.000000] kvm-clock: Using msrs 4b564d01 and 4b564d00
[    0.000000] kvm-clock: cpu 0, msr 1:1ffef001, primary cpu clock
[    0.000000] kvm-clock: using sched offset of 2953100090 cycles
[    0.000000] clocksource: kvm-clock: mask: 0xffffffffffffffff max_cycles: 0x1cd42e4dffb, max_idle_ns: 881590591483 ns
[    0.000000] Zone ranges:
[    0.000000]   DMA      [mem 0x0000000000001000-0x0000000000ffffff]
[    0.000000]   DMA32    [mem 0x0000000001000000-0x00000000ffffffff]
[    0.000000]   Normal   [mem 0x0000000100000000-0x000000011fffffff]
[    0.000000]   Device   empty
[    0.000000] Movable zone start for each node
[    0.000000] Early memory node ranges
[    0.000000]   node   0: [mem 0x0000000000001000-0x000000000009efff]
[    0.000000]   node   0: [mem 0x0000000000100000-0x00000000dffeffff]
[    0.000000]   node   0: [mem 0x0000000100000000-0x000000011fffffff]
[    0.000000] Initmem setup node 0 [mem 0x0000000000001000-0x000000011fffffff]
[    0.000000] ACPI: PM-Timer IO Port: 0x4008
[    0.000000] IOAPIC[0]: apic_id 1, version 17, address 0xfec00000, GSI 0-23
[    0.000000] ACPI: INT_SRC_OVR (bus 0 bus_irq 0 global_irq 2 dfl dfl)
[    0.000000] ACPI: INT_SRC_OVR (bus 0 bus_irq 9 global_irq 9 high level)
[    0.000000] Using ACPI (MADT) for SMP configuration information
[    0.000000] smpboot: Allowing 1 CPUs, 0 hotplug CPUs
[    0.000000] PM: Registered nosave memory: [mem 0x00000000-0x00000fff]
[    0.000000] PM: Registered nosave memory: [mem 0x0009f000-0x0009ffff]
[    0.000000] PM: Registered nosave memory: [mem 0x000a0000-0x000effff]
[    0.000000] PM: Registered nosave memory: [mem 0x000f0000-0x000fffff]
[    0.000000] PM: Registered nosave memory: [mem 0xdfff0000-0xdfffffff]
[    0.000000] PM: Registered nosave memory: [mem 0xe0000000-0xfffbffff]
[    0.000000] PM: Registered nosave memory: [mem 0xfffc0000-0xffffffff]
[    0.000000] e820: [mem 0xe0000000-0xfffbffff] available for PCI devices
[    0.000000] Booting paravirtualized kernel on KVM
[    0.000000] clocksource: refined-jiffies: mask: 0xffffffff max_cycles: 0xffffffff, max_idle_ns: 7645519600211568 ns
[    0.000000] setup_percpu: NR_CPUS:512 nr_cpumask_bits:512 nr_cpu_ids:1 nr_node_ids:1
[    0.000000] PERCPU: Embedded 33 pages/cpu @ffff88011fc00000 s98264 r8192 d28712 u2097152
[    0.000000] PV qspinlock hash table entries: 256 (order: 0, 4096 bytes)
[    0.000000] Built 1 zonelists in Node order, mobility grouping on.  Total pages: 1032057
[    0.000000] Policy zone: Normal
[    0.000000] Kernel command line: BOOT_IMAGE=/boot/vmlinuz-4.4.0-59-generic root=LABEL=cloudimg-rootfs ro console=tty1 console=ttyS0
[    0.000000] PID hash table entries: 4096 (order: 3, 32768 bytes)
[    0.000000] Memory: 4032784K/4193848K available (8436K kernel code, 1291K rwdata, 3960K rodata, 1488K init, 1316K bss, 161064K reserved, 0K cma-reserved)
[    0.000000] SLUB: HWalign=64, Order=0-3, MinObjects=0, CPUs=1, Nodes=1
[    0.000000] Hierarchical RCU implementation.
[    0.000000] 	Build-time adjustment of leaf fanout to 64.
[    0.000000] 	RCU restricting CPUs from NR_CPUS=512 to nr_cpu_ids=1.
[    0.000000] RCU: Adjusting geometry for rcu_fanout_leaf=64, nr_cpu_ids=1
[    0.000000] NR_IRQS:33024 nr_irqs:256 16
[    0.000000] Console: colour VGA+ 80x25
[    0.000000] console [tty1] enabled
[    0.000000] console [ttyS0] enabled
[    0.000000] tsc: Detected 2592.670 MHz processor
[    0.173855] Calibrating delay loop (skipped) preset value.. 5185.34 BogoMIPS (lpj=10370680)
[    0.175262] pid_max: default: 32768 minimum: 301
[    0.176015] ACPI: Core revision 20150930
[    0.177548] ACPI: 2 ACPI AML tables successfully acquired and loaded
[    0.183947] Security Framework initialized
[    0.184642] Yama: becoming mindful.
[    0.185288] AppArmor: AppArmor initialized
[    0.186531] Dentry cache hash table entries: 524288 (order: 10, 4194304 bytes)
[    0.195434] Inode-cache hash table entries: 262144 (order: 9, 2097152 bytes)
[    0.213713] Mount-cache hash table entries: 8192 (order: 4, 65536 bytes)
[    0.214712] Mountpoint-cache hash table entries: 8192 (order: 4, 65536 bytes)
[    0.215886] Initializing cgroup subsys io
[    0.223564] Initializing cgroup subsys memory
[    0.224278] Initializing cgroup subsys devices
[    0.233523] Initializing cgroup subsys freezer
[    0.234255] Initializing cgroup subsys net_cls
[    0.234986] Initializing cgroup subsys perf_event
[    0.235746] Initializing cgroup subsys net_prio
[    0.236490] Initializing cgroup subsys hugetlb
[    0.237221] Initializing cgroup subsys pids
[    0.238009] CPU: Physical Processor ID: 0
[    0.239547] mce: CPU supports 0 MCE banks
[    0.240495] process: using mwait in idle threads
[    0.241246] Last level iTLB entries: 4KB 1024, 2MB 1024, 4MB 1024
[    0.242189] Last level dTLB entries: 4KB 1024, 2MB 1024, 4MB 1024, 1GB 4
[   00.273190] Freeing SMP alternatives memory: 32K (ffffffff820b8000 - ffffffff820c0000)
[    0.330033] ftrace: allocating 32064 entries in 126 pages
[    0.597833] smpboot: APIC(0) Converting physical 0 to logical package 0
[    0.823432] smpboot: Max logical packages: 1
[    0.825311] ..TIMER: vector=0x30 apic1=0 pin1=2 apic2=-1 pin2=-1
[    0.941984] APIC calibration not consistent with PM-Timer: 101ms instead of 100ms
[    1.296851] APIC delta adjusted to PM-Timer: 6249133 (6313222)
[    1.341616] smpboot: CPU0: Intel(R) Core(TM) i7-4510U CPU @ 2.00GHz (family: 0x6, model: 0x45, stepping: 0x1)
[    1.388549] Performance Events: unsupported p6 CPU model 69 no PMU driver, software events only.
[    1.390037] KVM setup paravirtual spinlock
[    1.391350] x86: Booted up 1 node, 1 CPUs
[    1.392021] smpboot: Total of 1 processors activated (5185.34 BogoMIPS)
[    1.396827] devtmpfs: initialized
[    1.399574] evm: security.selinux
[    1.423427] evm: security.SMACK64
[    1.424022] evm: security.SMACK64EXEC
[    1.424651] evm: security.SMACK64TRANSMUTE
[    1.425319] evm: security.SMACK64MMAP
[    1.425954] evm: security.ima
[    1.426505] evm: security.capability
[    1.427251] clocksource: jiffies: mask: 0xffffffff max_cycles: 0xffffffff, max_idle_ns: 7645041785100000 ns
[    1.428791] pinctrl core: initialized pinctrl subsystem
[    1.429710] RTC time:  9:59:32, date: 10/23/17
[    1.430542] NET: Registered protocol family 16
[    1.431400] cpuidle: using governor ladder
[    1.432074] cpuidle: using governor menu
[    1.432734] PCCT header not found.
[    1.433381] ACPI: bus type PCI registered
[    1.434055] acpiphp: ACPI Hot Plug PCI Controller Driver version: 0.5
[    1.435052] PCI: Using configuration type 1 for base access
[    1.437475] ACPI: Added _OSI(Module Device)
[    1.438177] ACPI: Added _OSI(Processor Device)
[    1.438881] ACPI: Added _OSI(3.0 _SCP Extensions)
[    1.439611] ACPI: Added _OSI(Processor Aggregator Device)
[    1.440893] ACPI: Executed 1 blocks of module-level executable AML code
[    1.443551] ACPI: Interpreter enabled
[    1.444189] ACPI: (supports S0 S5)
[    1.447337] ACPI: Using IOAPIC for interrupt routing
[    1.448231] PCI: Using host bridge windows from ACPI; if necessary, use "pci=nocrs" and report a bug
[    1.452406] ACPI: PCI Root Bridge [PCI0] (domain 0000 [bus 00-ff])
[    1.453298] acpi PNP0A03:00: _OSC: OS supports [ASPM ClockPM Segments MSI]
[    1.454269] acpi PNP0A03:00: _OSC failed (AE_NOT_FOUND); disabling ASPM
[    1.455203] acpi PNP0A03:00: fail to add MMCONFIG information, can't access extended PCI configuration space under this bridge.
[    1.457028] PCI host bridge to bus 0000:00
[    1.457699] pci_bus 0000:00: root bus resource [io  0x0000-0x0cf7 window]
[    1.458663] pci_bus 0000:00: root bus resource [io  0x0d00-0xffff window]
[    1.459610] pci_bus 0000:00: root bus resource [mem 0x000a0000-0x000bffff window]
[    1.460822] pci_bus 0000:00: root bus resource [mem 0xe0000000-0xffdfffff window]
[    1.462032] pci_bus 0000:00: root bus resource [bus 00-ff]
[    1.464053] pci 0000:00:01.1: legacy IDE quirk: reg 0x10: [io  0x01f0-0x01f7]
[    1.465041] pci 0000:00:01.1: legacy IDE quirk: reg 0x14: [io  0x03f6]
[    1.465957] pci 0000:00:01.1: legacy IDE quirk: reg 0x18: [io  0x0170-0x0177]
[    1.466957] pci 0000:00:01.1: legacy IDE quirk: reg 0x1c: [io  0x0376]
[    1.525690] ACPI: PCI Interrupt Link [LNKA] (IRQs 5 9 10 11) *0, disabled.
[    1.858906] ACPI: PCI Interrupt Link [LNKB] (IRQs 5 9 10 *11)
[    2.099578] ACPI: PCI Interrupt Link [LNKC] (IRQs 5 9 *10 11)
[    2.353329] ACPI: PCI Interrupt Link [LNKD] (IRQs 5 *9 10 11)
[    2.449761] ACPI: Enabled 2 GPEs in block 00 to 07
[    2.639707] vgaarb: setting as boot device: PCI:0000:00:02.0
[    2.910195] vgaarb: device added: PCI:0000:00:02.0,decodes=io+mem,owns=io+mem,locks=none
[    3.319480] vgaarb: loaded
[    3.428635] vgaarb: bridge control possible 0000:00:02.0
[    3.483828] SCSI subsystem initialized
[    3.509789] ACPI: bus type USB registered
[    3.523319] usbcore: registered new interface driver usbfs
[    3.524147] usbcore: registered new interface driver hub
[    3.524955] usbcore: registered new device driver usb
[    3.525879] PCI: Using ACPI for IRQ routing
[    3.526785] NetLabel: Initializing
[    3.527384] NetLabel:  domain hash size = 128
[    3.528075] NetLabel:  protocols = UNLABELED CIPSOv4
[    3.528847] NetLabel:  unlabeled traffic allowed by default
[    3.529761] amd_nb: Cannot enumerate AMD northbridges
[    3.530541] clocksource: Switched to clocksource kvm-clock
[    3.537807] AppArmor: AppArmor Filesystem Enabled
[    3.783299] pnp: PnP ACPI init
[   339923766] ppp  PnP ACPI: found 3 devices
[   442228661] clocksource: acpi_pm: mask: 0xffffff max_cycles: 0xffffff, max_idle_ns: 2085701024 ns
[    4.543940] NET: Registered protocol family 2
[    4.573693] TCP established hash table entries: 32768 (order: 6, 262144 bytes)
[    4.574995] TCP bind hash table entries: 32768 (order: 7, 524288 bytes)
[    4.594242] TCP: Hash tables configured (established 32768 bind 32768)
[    4.595236] UDP hash table entries: 2048 (order: 4, 65536 bytes)
[    4.596116] UDP-Lite hash table entries: 2048 (order: 4, 65536 bytes)
[    4.597094] NET: Registered protocol family 1
[    4.597804] pci 0000:00:00.0: Limiting direct PCI/PCI transfers
[    4.598693] pci 0000:00:01.0: Activating ISA DMA hang workarounds
[    4.599672] Trying to unpack rootfs image as initramfs...
[    6.165950] Freeing initrd memory: 10440K (ffff880036b8c000 - ffff8800375be000)
[   665563543] PCI-DMA: Using software bounce buffering for IO (SWIOTLB)
[    6.743522] software IO TLB [mem 0xdbff0000-0xdfff0000] (64MB) mapped at [ffff8800dbff0000-ffff8800dffeffff]
[    6.745433] RAPL PMU detected, API unit is 2^-32 Joules, 4 fixed counters 10737418240 ms ovfl timer
[    6.746813] hw unit of domain pp0-core 2^-0 Joules
[    6.747588] hw unit of domain package 2^-0 Joules
[    6.748319] hw unit of domain dram 2^-0 Joules
[    6.749032] hw unit of domain pp1-gpu 2^-0 Joules
[    6.749825] platform rtc_cmos: registered platform RTC device (no PNP device found)
[    6.751090] Scanning for low memory corruption every 60 seconds
[    6.752199] futex hash table entries: 256 (order: 2, 16384 bytes)
[    6.753109] audit: initializing netlink subsys (disabled)
[    6.753925] audit: type=2000 audit(1508752779.081:1): initialized
[    6.755058] Initialise system trusted keyring
[    6.755865] HugeTLB registered 2 MB page size, pre-allocated 0 pages
[    6.757945] zbud: loaded
[    6.759112] VFS: Disk quotas dquot_6.6.0
[    6.760413] VFS: Dquot-cache hash table entries: 512 (order 0, 4096 bytes)
[    6.761591] squashfs: version 4.0 (2009/01/31) Phillip Lougher
[    6.762645] fuse init (API version 7.23)
[    6.763446] Key type big_key registered
[    6.764111] Allocating IMA MOK and blacklist keyrings.
[    6.765067] Key type asymmetric registered
[    6.765746] Asymmetric key parser 'x509' registered
[    6.766527] Block layer SCSI generic (bsg) driver version 0.4 loaded (major 249)
[    6.767788] io scheduler noop registered
[    6.768458] io scheduler deadline registered (default)
[    6.769267] io scheduler cfq registered
[    6.769988] pci_hotplug: PCI Hot Plug PCI Core version: 0.5
[    6.770817] pciehp: PCI Express Hot Plug Controller Driver version: 0.4
[    6.771890] ACPI: AC Adapter [AC] (on-line)
[    6.772633] input: Power Button as /devices/LNXSYSTM:00/LNXPWRBN:00/input/input0
[    6.773842] ACPI: Power Button [PWRF]
[    6.774512] input: Sleep Button as /devices/LNXSYSTM:00/LNXSLPBN:00/input/input1
[    6.775760] ACPI: Sleep Button [SLPF]
[    6.776945] ACPI: Battery Slot [BAT0] (battery present)
[    6.777762] GHES: HEST is not enabled!
[    6.778477] Serial: 8250/16550 driver, 32 ports, IRQ sharing enabled
[    6.800790] 00:02: ttyS0 at I/O 0x3f8 (irq = 4, base_baud = 115200) is a 16550A
[    6.884943] Linux agpgart interface v0.103
[    6.887133] brd: module loaded
[    6.893992] loop: module loaded
[    6.895018] scsi host0: ata_piix
[    6.895658] scsi host1: ata_piix
[    6.896270] ata1: PATA max UDMA/33 cmd 0x1f0 ctl 0x3f6 bmdma 0xd000 irq 14
[    6.897228] ata2: PATA max UDMA/33 cmd 0x170 ctl 0x376 bmdma 0xd008 irq 15
[    6.898603] libphy: Fixed MDIO Bus: probed
[    6.899305] tun: Universal TUN/TAP device driver, 1.6
[    6.900075] tun: (C) 1999-2004 Max Krasnyansky <maxk@qualcomm.com>
[    6.900999] PPP generic driver version 2.4.2
[    6.901738] ehci_hcd: USB 2.0 'Enhanced' Host Controller (EHCI) Driver
[    6.902664] ehci-pci: EHCI PCI platform driver
[    6.903417] ehci-platform: EHCI generic platform driver
[    6.904213] ohci_hcd: USB 1.1 'Open' Host Controller (OHCI) Driver
[    6.905104] ohci-pci: OHCI PCI platform driver
[    6.905815] ohci-platform: OHCI generic platform driver
[    6.906606] uhci_hcd: USB Universal Host Controller Interface driver
[    6.907585] i8042: PNP: PS/2 Controller [PNP0303:PS2K,PNP0f03:PS2M] at 0x60,0x64 irq 1,12
[    6.909289] serio: i8042 KBD port at 0x60,0x64 irq 1
[    6.910051] serio: i8042 AUX port at 0x60,0x64 irq 12
[    6.910906] mousedev: PS/2 mouse device common for all mice
[    6.911969] input: AT Translated Set 2 keyboard as /devices/platform/i8042/serio0/input/input2
[    6.917658] rtc_cmos rtc_cmos: rtc core: registered rtc_cmos as rtc0
[    6.918632] rtc_cmos rtc_cmos: alarms up to one day, 114 bytes nvram
[    6.919541] i2c /dev entries driver
[    6.920186] device-mapper: uevent: version 1.0.3
[    6.921083] device-mapper: ioctl: 4.34.0-ioctl (2015-10-28) initialised: dm-devel@redhat.com
[    6.922416] ledtrig-cpu: registered to indicate activity on CPUs
[    6.923535] NET: Registered protocol family 10
[    6.924388] NET: Registered protocol family 17
[    6.925714] Key type dns_resolver registered
[    6.927123] microcode: CPU0 sig=0x40651, pf=0x40, revision=0x0
[    6.928549] microcode: Microcode Update Driver: v2.01 <tigran@aivazian.fsnet.co.uk>, Peter Oruba
[    6.930015] registered taskstats version 1
[    6.930732] Loading compiled-in X.509 certificates
[    6.932143] Loaded X.509 cert 'Build time autogenerated kernel key: 6ffa6bfaa152a74cd2b6aa1e188cb999d8f5632b'
[    6.933632] zswap: loaded using pool lzo/zbud
[    6.935647] Key type trusted registered
[    6.938338] Key type encrypted registered
[    6.939042] AppArmor: AppArmor sha1 policy hashing enabled
[    6.939865] ima: No TPM chip found, activating TPM-bypass!
[    6.940702] evm: HMAC attrs: 0x1
[    6.941452]   Magic number: 5:150:981
[    6.942143] rtc_cmos rtc_cmos: setting system clock to 2017-10-23 09:59:37 UTC (1508752777)
[    6.943569] BIOS EDD facility v0.16 2004-Jun-25, 0 devices found
[    6.944450] EDD information not available.
[    7.051950] Freeing unused kernel memory: 1488K (ffffffff81f44000 - ffffffff820b8000)
[    7.053339] Write protecting the kernel read-only data: 14336k
[    7.054583] Freeing unused kernel memory: 1792K (ffff880001840000 - ffff880001a00000)
[    7.056129] Freeing unused kernel memory: 136K (ffff880001dde000 - ffff880001e00000)
Loading, please wait...
starting version 229
[    7.067397] random: udevadm: uninitialized urandom read (16 bytes read, 2 bits of entropy available)
[    7.068836] random: udevadm: uninitialized urandom read (16 bytes read, 2 bits of entropy available)
[    7.070299] random: udevadm: uninitialized urandom read (16 bytes read, 2 bits of entropy available)
[    7.072101] random: systemd-udevd: uninitialized urandom read (16 bytes read, 2 bits of entropy available)
[    7.073617] random: systemd-udevd: uninitialized urandom read (16 bytes read, 2 bits of entropy available)
[    7.075067] random: systemd-udevd: uninitialized urandom read (16 bytes read, 2 bits of entropy available)
[    7.076575] random: systemd-udevd: uninitialized urandom read (16 bytes read, 2 bits of entropy available)
[    7.078748] random: udevadm: uninitialized urandom read (16 bytes read, 2 bits of entropy available)
[    7.080233] random: udevadm: uninitialized urandom read (16 bytes read, 2 bits of entropy available)
[    7.094120] random: udevadm: uninitialized urandom read (16 bytes read, 2 bits of entropy available)
[    7.141477] e1000: Intel(R) PRO/1000 Network Driver - version 7.3.21-k8-NAPI
[    7.163826] e1000: Copyright (c) 1999-2006 Intel Corporation.
[    7.166802] Fusion MPT base driver 3.04.20
[    7.167511] Copyright (c) 1999-2008 LSI Corporation
[    7.181339] Fusion MPT SPI Host driver 3.04.20
[    7.364990] AVX version of gcm_enc/dec engaged.
[    7.383562] AES CTR mode by8 optimization enabled
[    7.385578] input: ImExPS/2 Generic Explorer Mouse as /devices/platform/i8042/serio1/input/input4
[    7.745748] e1000 0000:00:03.0 eth0: (PCI:33MHz:32-bit) 02:a5:4d:55:cc:47
[    7.763857] e1000 0000:00:03.0 eth0: Intel(R) PRO/1000 Network Connection
[    7.803393] tsc: Refined TSC clocksource calibration: 2591.852 MHz
[    7.804293] clocksource: tsc: mask: 0xffffffffffffffff max_cycles: 0x255c2b13aad, max_idle_ns: 440795300008 ns
[    7.806986] e1000 0000:00:03.0 enp0s3: renamed from eth0
[    7.808668] mptbase: ioc0: Initiating bringup
[    8.034949] ioc0: LSI53C1030 A0: Capabilities={Initiator}
[    8.432136] scsi host2: ioc0: LSI53C1030 A0, FwRev=00000000h, Ports=1, MaxQ=256, IRQ=20
[    8.555294] scsi 2:0:0:0: Direct-Access     VBOX     HARDDISK         1.0  PQ: 0 ANSI: 5
[    8.584101] scsi target2:0:0: Beginning Domain Validation
[    8.585479] scsi target2:0:0: Domain Validation skipping write tests
[    8.586381] scsi target2:0:0: Ending Domain Validation
[    8.587205] scsi target2:0:0: asynchronous
[    8.588075] scsi 2:0:1:0: Direct-Access     VBOX     HARDDISK         1.0  PQ: 0 ANSI: 5
[    8.589358] scsi target2:0:1: Beginning Domain Validation
[    8.590687] scsi target2:0:1: Domain Validation skipping write tests
[    8.591615] scsi target2:0:1: Ending Domain Validation
[    8.592441] scsi target2:0:1: asynchronous
[    8.595576] sd 2:0:0:0: Attached scsi generic sg0 type 0
[    8.596420] sd 2:0:0:0: [sda] 20971520 512-byte logical blocks: (10.7 GB/10.0 GiB)
[    8.598030] sd 2:0:1:0: [sdb] 20480 512-byte logical blocks: (10.5 MB/10.0 MiB)
[    8.599339] sd 2:0:1:0: Attached scsi generic sg1 type 0
[    8.600292] sd 2:0:0:0: [sda] Write Protect is off
[    8.601084] sd 2:0:1:0: [sdb] Write Protect is off
[    8.601995] sd 2:0:0:0: [sda] Incomplete mode parameter data
[    8.602874] sd 2:0:0:0: [sda] Assuming drive cache: write through
[    8.603818] sd 2:0:1:0: [sdb] Incomplete mode parameter data
[    8.604658] sd 2:0:1:0: [sdb] Assuming drive cache: write through
[    8.608795]  sda: sda1
[    8.613921] sd 2:0:1:0: [sdb] Attached SCSI disk
[    8.614654] sd 2:0:0:0: [sda] Attached SCSI disk
[   10.390729] floppy0: no floppy controllers found
Begin: Loading e[   11.716533] md: linear personality registered for level -1
ssential drivers ... [   11.856702] md: multipath personality registered for level -4
[   11.916482] md: raid0 personality registered for level 0
[   11.927085] md: raid1 personality registered for level 1
[   12.012925] raid6: sse2x1   gen()  9386 MB/s
[   12.222872] raid6: sse2x1   xor()  8166 MB/s
[   12.502918] raid6: sse2x2   gen() 10266 MB/s
[   12.612850] raid6: sse2x2   xor()  8265 MB/s
[   12.892879] raid6: sse2x4   gen() 15101 MB/s
[   12.992878] raid6: sse2x4   xor() 10511 MB/s
[   13.063449] raid6: using algorithm sse2x4 gen() 15101 MB/s
[   13.064261] raid6: .... xor() 10511 MB/s, rmw enabled
[   13.133222] raid6: using ssse3x2 recovery algorithm
[   13.315728] xor: automatically using best checksumming function:
[   13.412855]    avx       : 43620.000 MB/sec
[   13.425746] async_tx: api initialized (async)
[   13.441631] md: raid6 personality registered for level 6
[   13.533529] md: raid5 personality registered for level 5
[   13.534327] md: raid4 personality registered for level 4
[   13.540697] md: raid10 personality registered for level 10
done.
Begin: Running /scripts/init-premount ... done.
Begin: Mounting root file system ... Begin: Running /scripts/local-top ... done.
Begin: Running /scripts/local-premount ... [   13.625604] Btrfs loaded
Scanning for Btrfs filesystems
done.
Warning: fsck [   13.790832] EXT4-fs (sda1): mounted filesystem with ordered data mode. Opts: (null)
not present, so skipping root file system
done.
Begin: Running /scripts/local-bottom ... done.
Begin: Running /scripts/init-bottom ... done.
[   13.917100] systemd[1]: systemd 229 running in system mode. (+PAM +AUDIT +SELINUX +IMA +APPARMOR +SMACK +SYSVINIT +UTMP +LIBCRYPTSETUP +GCRYPT +GNUTLS +ACL +XZ -LZ4 +SECCOMP +BLKID +ELFUTILS +KMOD -IDN)
[   14.106624] systemd[1]: Detected virtualization oracle.
[   14.107864] systemd[1]: Detected architecture x86-64.

Welcome to [1mUbuntu 16.04.1 LTS[0m!

[   14.125629] systemd[1]: Set hostname to <ubuntu-xenial>.
[   14.256511] systemd[1]: Listening on Syslog Socket.
[[0;32m  OK  [0m] Listening on Syslog Socket.
[   14.510897] systemd[1]: Reached target Swap.
[[0;32m  OK  [0m] Reached target Swap.
[   14.524450] systemd[1]: Listening on Journal Socket (/dev/log).
[[0;32m  OK  [0m] Listening on Journal Socket (/dev/log).
[   14.530329] systemd[1]: Set up automount Arbitrary Executable File Formats File System Automount Point.
[[0;32m  OK  [0m] Set up automount Arbitrary Executab...ats File System Automount Point.
[   14.535724] systemd[1]: Created slice User and Session Slice.
[[0;32m  OK  [0m] Created slice User and Session Slice.
[   14.542870] systemd[1]: Reached target Encrypted Volumes.
[[0;32m  OK  [0m] Reached target Encrypted Volumes.
[   14.544700] systemd[1]: Listening on LVM2 poll daemon socket.
[[0;32m  OK  [0m] Listening on LVM2 poll daemon socket.
[   14.546610] systemd[1]: Reached target User and Group Name Lookups.
[[0;32m  OK  [0m] Reached target User and Group Name Lookups.
[   14.548608] systemd[1]: Listening on Journal Audit Socket.
[[0;32m  OK  [0m] Listening on Journal Audit Socket.
[   14.554030] systemd[1]: Listening on LVM2 metadata daemon socket.
[[0;32m  OK  [0m] Listening on LVM2 metadata daemon socket.
[   14.555980] systemd[1]: Listening on /dev/initctl Compatibility Named Pipe.
[[0;32m  OK  [0m] Listening on /dev/initctl Compatibility Named Pipe.
[   14.558107] systemd[1]: Listening on Device-mapper event daemon FIFOs.
[[0;32m  OK  [0m] Listening on Device-mapper event daemon FIFOs.
[   14.560300] systemd[1]: Created slice System Slice.
[[0;32m  OK  [0m] Created slice System Slice.
[   14.564528] systemd[1]: Reached target Slices.
[[0;32m  OK  [0m] Reached target Slices.
[   14.566144] systemd[1]: Listening on udev Control Socket.
[[0;32m  OK  [0m] Listening on udev Control Socket.
[   14.567982] systemd[1]: Started Forward Password Requests to Wall Directory Watch.
[[0;32m  OK  [0m] Started Forward Password Requests to Wall Directory Watch.
[   14.574572] systemd[1]: Created slice system-serial\x2dgetty.slice.
[[0;32m  OK  [0m] Created slice system-serial\x2dgetty.slice.
[   14.586009] systemd[1]: Listening on Journal Socket.
[[0;32m  OK  [0m] Listening on Journal Socket.
[   14.588299] systemd[1]: Starting Nameserver information manager...
         Starting Nameserver information manager...
[   14.885449] systemd[1]: Starting Uncomplicated firewall...
         Starting Uncomplicated firewall...
[   14.888642] systemd[1]: Starting Monitoring of LVM2 mirrors, snapshots etc. using dmeventd or progress polling...
         Starting Monitoring of LVM2 mirrors... dmeventd or progress polling...
[   15.315670] systemd[1]: Starting Remount Root and Kernel File Systems...
         Starting Remount Root and Kernel File Systems...
[   15.566673] systemd[1]: Starting Set console keymap...
         [   15.569599] EXT4-fs (sda1): re-mounted. Opts: (null)
Starting Set console keymap...
[   15.572984] systemd[1]: Starting Load Kernel Modules...
         Starting Load Ke[   15.734630] Loading iSCSI transport class v2.0-870.
rnel Modules...
[   15.864123] systemd[1]: Mounting Debug File System...
         Mounting Debug File System...
[   15.903688] iscsi: registered transport (tcp)
[   15.925094] systemd[1]: Mounting POSIX Message Queue File System...
         Mounting POSIX M[   15.963797] iscsi: registered transport (iser)
essage Queue File System...
[   15.975714] systemd[1]: Mounting Huge Pages File System...
         Mounting Huge Pages File System...
[   16.003951] systemd[1]: Starting Journal Service...
         Starting Journal Service...
[   16.056203] systemd[1]: Starting Create list of required static device nodes for the current kernel...
         Starting Create list of required st... nodes for the current kernel...
[   16.150112] systemd[1]: Listening on udev Kernel Socket.
[[0;32m  OK  [0m] Listening on udev Kernel Socket.
[   16.154759] systemd[1]: Mounted POSIX Message Queue File System.
[[0;32m  OK  [0m] Mounted POSIX Message Queue File System.
[   16.172926] systemd[1]: Mounted Debug File System.
[[0;32m  OK  [0m] Mounted Debug File System.
[   16.175635] systemd[1]: Mounted Huge Pages File System.
[[0;32m  OK  [0m] Mounted Huge Pages File System.
[   16.179259] systemd[1]: Started Journal Service.
[[0;32m  OK  [0m] Started Journal Service.
[[0;32m  OK  [0m] Started Uncomplicated firewall.
[[0;32m  OK  [0m] Started Remount Root and Kernel File Systems.
[[0;32m  OK  [0m] Started Set console keymap.
[[0;32m  OK  [0m] Started Load Kernel Modules.
[[0;32m  OK  [0m] Started Create list of required sta...ce nodes for the current kernel.
[[0;32m  OK  [0m] Started Nameserver information m[   16.225389] random: nonblocking pool is initialized
anager.
[[0;32m  OK  [0m] Started LVM2 metadata daemon.
         Starting Create Static Device Nodes in /dev...
         Mounting FUSE Control File System...
         Starting Apply Kernel Variables...
         Starting Load/Save Random Seed...
         Starting udev Coldplug all Devices...
         Starting Initial cloud-init job (pre-networking)...
         Starting Flush Journal to Persistent Storage...
[[0;32m  OK  [0m] Mounted FUSE Control File System.
[[0;32m  OK  [0m] Started Create Static Device Nodes in /dev.
[[0;32m  OK  [0m] Started Apply Kernel Variables.
[[0;32m  OK  [0m] Started Load/Save Random Seed.
[[0;32m  OK  [0m] Started Flush Journal to Persistent Storage.
[[0;32m  OK  [0m] Started udev Coldplug all Devices.
         Starting udev Kernel Device Manager...
[[0;32m  OK  [0m] Started udev Kernel Device Manager.
[[0;32m  OK  [0m] Started Dispatch Password Requests to Console Directory Watch.
[[0;32m  OK  [0m] Started Monitoring of LVM2 mirrors,...ng dmeventd or progress polling.
[[0;32m  OK  [0m] Reached target Local File Systems (Pre).
[[0;32m  OK  [0m] Reached target Local File Systems.
         Starting Tell Plymouth To Write Out Runtime Data...
         Starting LSB: AppArmor initialization...
         Starting Set console font and keymap...
         Starting Create Volatile Files and Directories...
[[0;32m  OK  [0m] Started Tell Plymouth To Write Out Runtime Data.
[[0;32m  OK  [0m] Started Create Volatile Files and Directories.
[[0;32m  OK  [0m] Reached target System Time Synchronized.
         Starting Update UTMP about System Boot/Shutdown...
[[0;32m  OK  [0m] Started Update UTMP about System Boot/Shutdown.
[[0;32m  OK  [0m] Found device /dev/ttyS0.
[[0;32m  OK  [0m] Started LSB: AppArmor initialization.
[[0;32m  OK  [0m] Found device 82540EM Gigabit Ethern...r (PRO/1000 MT Desktop Adapter).
[[0;32m  OK  [0m] Started Set console font and keymap.
[[0;32m  OK  [0m] Created slice system-getty.slice.
[   14.821971] cloud-init[491]: Cloud-init v. 0.7.8 running 'init-local' at Mon, 23 Oct 2017 09:59:48 +0000. Up 14.32 seconds.
[[0;32m  OK  [0m] Listening on Load/Save RF Kill Switch Status /dev/rfkill Watch.
[[0;32m  OK  [0m] Started Initial cloud-init job (pre-networking).
[[0;32m  OK  [0m] Reached target Network (Pre).
         Starting Raise network interfaces...
[[0;32m  OK  [0m] Started ifup for enp0s3.
[[0;32m  OK  [0m] Started Raise network interfaces.
         Starting Initial cloud-init job (metadata service crawler)...
[[0;32m  OK  [0m] Reached target Network.
[   17.494388] cloud-init[1076]: Cloud-init v. 0.7.8 running 'init' at Mon, 23 Oct 2017 09:59:50 +0000. Up 17.18 seconds.
[   17.568343] cloud-init[1076]: ci-info: +++++++++++++++++++++++++++++++++++++Net device info++++++++++++++++++++++++++++++++++++++
[[0;32m  OK  [0m] Started Initial cloud-init job (metadata service crawler).
[[0;32m  OK  [0m] Reached target System Initialization.[   17.572895] cloud-init[1076]: ci-info: +--------+------+----------------------------+---------------+-------+-------------------+
[   17.576374] cloud-init[1076]: ci-info: | Device |  Up  |          Address           |      Mask     | Scope |     Hw-Address    |
[   17.576426] cloud-init[1076]: ci-info: +--------+------+----------------------------+---------------+-------+-------------------+
[   17.576467] cloud-init[1076]: ci-info: | enp0s3 | True |         10.0.2.15          | 255.255.255.0 |   .   | 02:a5:4d:55:cc:47 |
[   17.576504] cloud-init[1076]: ci-info: | enp0s3 | True | fe80::a5:4dff:fe55:cc47/64 |       .       |  link | 02:a5:4d:55:cc:47 |
[   17.576537] cloud-init[1076]: ci-info: |   lo   | True |         127.0.0.1          |   255.0.0.0   |   .   |         .         |
[   17.576571] cloud-init[1076]: ci-info: |   lo   | True |          ::1/128           |       .       |  host |         .         |
[   17.576600] cloud-init[1076]: ci-info: +--------+------+----------------------------+---------------+-------+-------------------+
[   17.576630] cloud-init[1076]: ci-info: +++++++++++++++++++++++++++Route IPv4 info++++++++++++++++++++++++++++
[   17.576661] cloud-init[1076]: ci-info: +-------+-------------+----------+---------------+-----------+-------+
[   17.576692] cloud-init[1076]: ci-info: | Route | Destination | Gateway  |    Genmask    | Interface | Flags |
[   17.576727] cloud-init[1076]: ci-info: +-------+-------------+----------+---------------+-----------+-------+
[   17.576760] cloud-init[1076]: ci-info: |   0   |   0.0.0.0   | 10.0.2.2 |    0.0.0.0    |   enp0s3  |   UG  |
[   17.576792] cloud-init[1076]: ci-info: |   1   |   10.0.2.0  | 0.0.0.0  | 255.255.255.0 |   enp0s3  |   U   |
[   17.576823] cloud-init[1076]: ci-info: +-------+-------------+----------+---------------+-----------+-------+

[[0;32m  OK  [0m] Started Timer to automatically refresh installed snaps.
         Starting Socket activation for snappy daemon.
[[0;32m  OK  [0m] Started Daily Cleanup of Temporary Directories.
[[0;32m  OK  [0m] Started Trigger resolvconf update for networkd DNS.
         Starting LXD - unix socket.
[[0;32m  OK  [0m] Listening on ACPID Listen Socket.
[[0;32m  OK  [0m] Listening on UUID daemon activation socket.
[[0;32m  OK  [0m] Listening on D-Bus System Message Bus Socket.
[[0;32m  OK  [0m] Started ACPI Events Check.
[[0;32m  OK  [0m] Reached target Paths.
[[0;32m  OK  [0m] Started Daily apt activities.
[[0;32m  OK  [0m] Reached target Timers.
[[0;32m  OK  [0m] Reached target Cloud-config availability.
[[0;32m  OK  [0m] Reached target Network is Online.
         Starting iSCSI initiator daemon (iscsid)...
[[0;32m  OK  [0m] Listening on Socket activation for snappy daemon.
[[0;32m  OK  [0m] Listening on LXD - unix socket.
[[0;32m  OK  [0m] Started iSCSI initiator daemon (iscsid).
         Starting Login to default iSCSI targets...
[[0;32m  OK  [0m] Reached target Sockets.
[[0;32m  OK  [0m] Reached target Basic System.
         Starting System Logging Service...
         Starting Daily apt activities...
[[0;32m  OK  [0m] Started Regular background program processing daemon.
[[0;32m  OK  [0m] Started D-Bus System Message Bus.
         Starting /etc/rc.local Compatibility...
         Starting Accounts Service...
         Starting Login Service...
[[0;32m  OK  [0m] Started ACPI event daemon.
[[0;32m  OK  [0m] Started Deferred execution scheduler.
[[0;32m  OK  [0m] Started FUSE filesystem for LXC.
         Starting LSB: MD monitoring daemon...
         Starting Apply the settings specified in cloud-config...
         Starting vboxadd-x11.service...
         Starting vboxadd.service...
         Starting OpenBSD Secure Shell server...
[[0;32m  OK  [0m] Started Snappy daemon.
         Starting Auto import assertions from block devices...
         Starting LSB: Record successful boot for GRUB...
         Starting LXD - container startup/shutdown...
[[0;32m  OK  [0m] Started System Logging Service.
[[0;32m  OK  [0m] Started OpenBSD Secure Shell server.
[[0;32m  OK  [0m] Started /etc/rc.local Compatibility.
[[0;32m  OK  [0m] Started vboxadd-x11.service.
[[0;32m  OK  [0m] Started Auto import assertions from block devices.
[[0;32m  OK  [0m] Started LXD - container startup/shutdown.
[[0;32m  OK  [0m] Started Login to default iSCSI targets.
[[0;32m  OK  [0m] Started LSB: MD monitoring daemon.
[[0;32m  OK  [0m] Started LSB: Record successful boot for GRUB.
[[0;32m  OK  [0m] Started vboxadd.service.
[[0;32m  OK  [0m] Started Login Service.
         Starting Authenticate and Authorize Users to Run Privileged Tasks...
         Starting vboxadd-service.service...
[[0;32m  OK  [0m] Reached target Remote File Systems (Pre).
[[0;32m  OK  [0m] Reached target Remote File Systems.
         Starting LSB: automatic crash report generation...
         Starting Permit User Sessions...
         Starting LSB: Set the CPU Frequency Scaling governor to "ondemand"...
         Starting LSB: daemon to balance interrupts for SMP systems...
[[0;32m  OK  [0m] Started vboxadd-service.service.
[[0;32m  OK  [0m] Started Permit User Sessions.
[[0;32m  OK  [0m] Started Authenticate and Authorize Users to Run Privileged Tasks.
[[0;32m  OK  [0m] Started Accounts Service.
[   19.617310] cloud-init[1189]: Cloud-init v. 0.7.8 running 'modules:config' at Mon, 23 Oct 2017 09:59:53 +0000. Up 19.46 seconds.
[[0;32m  OK  [0m] Started Apply the settings specified in cloud-config.
[[0;32m  OK  [0m] Started LSB: automatic crash report generation.
[[0;32m  OK  [0m] Started LSB: Set the CPU Frequency Scaling governor to "ondemand".
[[0;32m  OK  [0m] Created slice User Slice of ubuntu.
         Starting User Manager for UID 1000...
[[0;32m  OK  [0m] Started Session 1 of user ubuntu.
         Starting Hold until boot process finishes up...
         Starting Terminate Plymouth Boot Screen...
[[0;32m  OK  [0m] Started User Manager for UID 1000.
[[0;32m  OK  [0m] Started LSB: daemon to balance interrupts for SMP systems.
[[0;32m  OK  [0m] Started Hold until boot process finishes up.
[[0;32m  OK  [0m] Started Terminate Plymouth Boot Screen.
[[0;32m  OK  [0m] Started Serial Getty on ttyS0.
[[0;32m  OK  [0m] Started Getty on tty1.
[[0;32m  OK  [0m] Reached target Login Prompts.
         Starting Set console scheme...
[[0;32m  OK  [0m] Reached target Multi-User System.
         Starting Execute cloud user/final scripts...
[[0;32m  OK  [0m] Reached target Graphical Interface.
         Starting Update UTMP about System Runlevel Changes...
[[0;32m  OK  [0m] Started Set console scheme.
[[0;32m  OK  [0m] Started Update UTMP about System Runlevel Changes.
[   20.557414] cloud-init[1443]: Cloud-init v. 0.7.8 running 'modules:final' at Mon, 23 Oct 2017 09:59:54 +0000. Up 20.33 seconds.
[   20.583283] cloud-init[1443]: Cloud-init v. 0.7.8 finished at Mon, 23 Oct 2017 09:59:54 +0000. Datasource DataSourceNoCloud [seed=/dev/sdb][dsmode=net].  Up 20.53 seconds
[[0;32m  OK  [0m] Started Execute cloud user/final scripts.
[[0;32m  OK  [0m] Reached target Cloud-init target.
         Stopping User Manager for UID 1000...
[[0;32m  OK  [0m] Stopped User Manager for UID 1000.

Ubuntu 16.04.1 LTS ubuntu-xenial ttyS0

ubuntu-xenial login: [[0;32m  OK  [0m] Started ACPI event daemon.
[[0;32m  OK  [0m] Started ACPI event daemon.
[[0;32m  OK  [0m] Closed Unix socket for apport crash forwarding.
[[0;32m  OK  [0m] Started ACPI event daemon.
         Stopping LSB: automatic crash report generation...
[[0;32m  OK  [0m] Stopped LSB: automatic crash report generation.
[[0;32m  OK  [0m] Started ACPI event daemon.
[[0;32m  OK  [0m] Started ACPI event daemon.
[[0;32m  OK  [0m] Started ACPI event daemon.
[[0;32m  OK  [0m] Started ACPI event daemon.
[[0;32m  OK  [0m] Started ACPI event daemon.
[[0;32m  OK  [0m] Started ACPI event daemon.
         Starting LSB: automatic crash report generation...
[[0;32m  OK  [0m] Started LSB: automatic crash report generation.
[[0;32m  OK  [0m] Started ACPI event daemon.
[[0;32m  OK  [0m] Started ACPI event daemon.
[[0;32m  OK  [0m] Started ACPI event daemon.
[[0;32m  OK  [0m] Started Daily apt activities.
